
--- Sesión de Curación: 2026-04-13 12:07:29.792292 ---
🩹 [CURE] EC 2003 homicidios_100k: nan -> 14.49 (Fuente: UNODC Global Study on Homicide)
🩹 [CURE] EC 2004 homicidios_100k: nan -> 17.58 (Fuente: UNODC / INEC)
🩹 [CURE] EC 2005 homicidios_100k: nan -> 15.34 (Fuente: UNODC / INEC)
🩹 [CURE] EC 2006 homicidios_100k: nan -> 16.96 (Fuente: UNODC / INEC)
🩹 [CURE] EC 1991 uso_internet_pct: nan -> 0.001 (Fuente: Manual - Interpolación de base histórica)

--- Sesión de Curación: 2026-04-14 14:08:26.689092 ---
🩹 [CURE] EC 2003 homicidios_100k: nan -> 14.49 (Fuente: UNODC Global Study on Homicide)
🩹 [CURE] EC 2004 homicidios_100k: nan -> 17.58 (Fuente: UNODC / INEC)
🩹 [CURE] EC 2005 homicidios_100k: nan -> 15.34 (Fuente: UNODC / INEC)
🩹 [CURE] EC 2006 homicidios_100k: nan -> 16.96 (Fuente: UNODC / INEC)
🩹 [CURE] EC 1991 uso_internet_pct: nan -> 0.001 (Fuente: Manual - Interpolación de base histórica)

--- Sesión de Curación: 2026-04-18 15:59:05.328590 ---
🩹 [CURE] 0101 2023 pobreza: nan -> 0.35 (Fuente: Dummy Source)

--- Sesión de Curación: 2026-04-18 15:59:44.529834 ---
🩹 [CURE] EC 2003 homicidios_100k: nan -> 14.49 (Fuente: UNODC Global Study on Homicide)
🩹 [CURE] EC 2004 homicidios_100k: nan -> 17.58 (Fuente: UNODC / INEC)
🩹 [CURE] EC 2005 homicidios_100k: nan -> 15.34 (Fuente: UNODC / INEC)
🩹 [CURE] EC 2006 homicidios_100k: nan -> 16.96 (Fuente: UNODC / INEC)
🩹 [CURE] EC 1991 uso_internet_pct: nan -> 0.001 (Fuente: Manual - Interpolación de base histórica)

--- Sesión de Curación: 2026-04-18 16:39:36.442196 ---
🩹 [CURE] EC 2003 homicidios_100k: nan -> 14.49 (Fuente: UNODC Global Study on Homicide)
🩹 [CURE] EC 2004 homicidios_100k: nan -> 17.58 (Fuente: UNODC / INEC)
🩹 [CURE] EC 2005 homicidios_100k: nan -> 15.34 (Fuente: UNODC / INEC)
🩹 [CURE] EC 2006 homicidios_100k: nan -> 16.96 (Fuente: UNODC / INEC)
🩹 [CURE] EC 1991 uso_internet_pct: nan -> 0.001 (Fuente: Manual - Interpolación de base histórica)

--- Sesión de Curación: 2026-04-18 16:54:44.212475 ---
🩹 [CURE] EC 2003 homicidios_100k: nan -> 14.49 (Fuente: UNODC Global Study on Homicide)
🩹 [CURE] EC 2004 homicidios_100k: nan -> 17.58 (Fuente: UNODC / INEC)
🩹 [CURE] EC 2005 homicidios_100k: nan -> 15.34 (Fuente: UNODC / INEC)
🩹 [CURE] EC 2006 homicidios_100k: nan -> 16.96 (Fuente: UNODC / INEC)
🩹 [CURE] EC 1991 uso_internet_pct: nan -> 0.001 (Fuente: Manual - Interpolación de base histórica)

--- Sesión de Curación: 2026-04-20 17:06:09.351444 ---
🩹 [CURE] EC 2003 homicidios_100k: nan -> 14.49 (Fuente: UNODC Global Study on Homicide)
🩹 [CURE] EC 2004 homicidios_100k: nan -> 17.58 (Fuente: UNODC / INEC)
🩹 [CURE] EC 2005 homicidios_100k: nan -> 15.34 (Fuente: UNODC / INEC)
🩹 [CURE] EC 2006 homicidios_100k: nan -> 16.96 (Fuente: UNODC / INEC)
🩹 [CURE] EC 1991 uso_internet_pct: nan -> 0.001 (Fuente: Manual - Interpolación de base histórica)

--- Sesión de Curación: 2026-04-20 17:17:51.859398 ---
🩹 [CURE] EC 2003 homicidios_100k: nan -> 14.49 (Fuente: UNODC Global Study on Homicide)
🩹 [CURE] EC 2004 homicidios_100k: nan -> 17.58 (Fuente: UNODC / INEC)
🩹 [CURE] EC 2005 homicidios_100k: nan -> 15.34 (Fuente: UNODC / INEC)
🩹 [CURE] EC 2006 homicidios_100k: nan -> 16.96 (Fuente: UNODC / INEC)
🩹 [CURE] EC 1991 uso_internet_pct: nan -> 0.001 (Fuente: Manual - Interpolación de base histórica)

--- Sesión de Curación: 2026-04-22 19:37:06.506318 ---
🩹 [CURE] EC 2003 homicidios_100k: nan -> 14.49 (Fuente: UNODC Global Study on Homicide)
🩹 [CURE] EC 2004 homicidios_100k: nan -> 17.58 (Fuente: UNODC / INEC)
🩹 [CURE] EC 2005 homicidios_100k: nan -> 15.34 (Fuente: UNODC / INEC)
🩹 [CURE] EC 2006 homicidios_100k: nan -> 16.96 (Fuente: UNODC / INEC)
🩹 [CURE] EC 1991 uso_internet_pct: nan -> 0.001 (Fuente: Manual - Interpolación de base histórica)
